<?xml version="1.0" encoding="UTF-8"?>
<testng-results skipped="0" failed="0" total="1" passed="1">
  <reporter-output>
  </reporter-output>
  <suite name="Default suite" duration-ms="10947" started-at="2017-09-02T15:48:52Z" finished-at="2017-09-02T15:49:03Z">
    <groups>
    </groups>
    <test name="Default test" duration-ms="10947" started-at="2017-09-02T15:48:52Z" finished-at="2017-09-02T15:49:03Z">
      <class name="testcases.TC_001">
        <test-method status="PASS" signature="tcase1()[pri:0, instance:testcases.TC_001@7d417077]" name="tcase1" duration-ms="10877" started-at="2017-09-02T21:18:52Z" finished-at="2017-09-02T21:19:03Z">
          <reporter-output>
          </reporter-output>
        </test-method> <!-- tcase1 -->
      </class> <!-- testcases.TC_001 -->
    </test> <!-- Default test -->
  </suite> <!-- Default suite -->
</testng-results>
